# JRE version: OpenJDK Runtime Environment (8.0_242) (build 1.8.0_242-release-1644-b3-6222593)
# Java VM: OpenJDK 64-Bit Server VM (25.242-b3-6222593 mixed mode linux-amd64 compressed oops)
Heap:
 PSYoungGen      total 262656K, used 13125K [0x00000000e0000000, 0x00000000f1100000, 0x0000000100000000)
  eden space 247808K, 0% used [0x00000000e0000000,0x00000000e0000000,0x00000000ef200000)
  from space 14848K, 88% used [0x00000000ef200000,0x00000000efed16b0,0x00000000f0080000)
  to   space 12800K, 0% used [0x00000000f0080000,0x00000000f0080000,0x00000000f0d00000)
 ParOldGen       total 47104K, used 7839K [0x00000000a0000000, 0x00000000a2e00000, 0x00000000e0000000)
  object space 47104K, 16% used [0x00000000a0000000,0x00000000a07a7da8,0x00000000a2e00000)
 Metaspace       used 34569K, capacity 35428K, committed 35496K, reserved 1079296K
  class space    used 4751K, capacity 5025K, committed 5032K, reserved 1048576K
GC Heap History (10 events):
Event: 7.784 GC heap after
Heap after GC invocations=3 (full 0):
 PSYoungGen      total 67584K, used 5104K [0x00000000e0000000, 0x00000000e8400000, 0x0000000100000000)
  eden space 62464K, 0% used [0x00000000e0000000,0x00000000e0000000,0x00000000e3d00000)
  from space 5120K, 99% used [0x00000000e3d00000,0x00000000e41fc060,0x00000000e4200000)
  to   space 5120K, 0% used [0x00000000e7f00000,0x00000000e7f00000,0x00000000e8400000)
 ParOldGen       total 83456K, used 4424K [0x00000000a0000000, 0x00000000a5180000, 0x00000000e0000000)
  object space 83456K, 5% used [0x00000000a0000000,0x00000000a0452388,0x00000000a5180000)
 Metaspace       used 14457K, capacity 14804K, committed 14976K, reserved 1062912K
  class space    used 2030K, capacity 2128K, committed 2176K, reserved 1048576K
}
Event: 583.075 GC heap before
{Heap before GC invocations=4 (full 0):
 PSYoungGen      total 67584K, used 67568K [0x00000000e0000000, 0x00000000e8400000, 0x0000000100000000)
  eden space 62464K, 100% used [0x00000000e0000000,0x00000000e3d00000,0x00000000e3d00000)
  from space 5120K, 99% used [0x00000000e3d00000,0x00000000e41fc060,0x00000000e4200000)
  to   space 5120K, 0% used [0x00000000e7f00000,0x00000000e7f00000,0x00000000e8400000)
 ParOldGen       total 83456K, used 4424K [0x00000000a0000000, 0x00000000a5180000, 0x00000000e0000000)
  object space 83456K, 5% used [0x00000000a0000000,0x00000000a0452388,0x00000000a5180000)
 Metaspace       used 19981K, capacity 20450K, committed 20736K, reserved 1067008K
  class space    used 2887K, capacity 3065K, committed 3072K, reserved 1048576K
Event: 583.136 GC heap after
Heap after GC invocations=4 (full 0):
 PSYoungGen      total 130048K, used 5088K [0x00000000e0000000, 0x00000000e8400000, 0x0000000100000000)
  eden space 124928K, 0% used [0x00000000e0000000,0x00000000e0000000,0x00000000e7a00000)
  from space 5120K, 99% used [0x00000000e7f00000,0x00000000e83f8040,0x00000000e8400000)
  to   space 5120K, 0% used [0x00000000e7a00000,0x00000000e7a00000,0x00000000e7f00000)
 ParOldGen       total 83456K, used 10934K [0x00000000a0000000, 0x00000000a5180000, 0x00000000e0000000)
  object space 83456K, 13% used [0x00000000a0000000,0x00000000a0aadba8,0x00000000a5180000)
 Metaspace       used 19981K, capacity 20450K, committed 20736K, reserved 1067008K
  class space    used 2887K, capacity 3065K, committed 3072K, reserved 1048576K
}
Event: 583.335 GC heap before
{Heap before GC invocations=5 (full 0):
 PSYoungGen      total 130048K, used 10766K [0x00000000e0000000, 0x00000000e8400000, 0x0000000100000000)
  eden space 124928K, 4% used [0x00000000e0000000,0x00000000e058b7e8,0x00000000e7a00000)
  from space 5120K, 99% used [0x00000000e7f00000,0x00000000e83f8040,0x00000000e8400000)
  to   space 5120K, 0% used [0x00000000e7a00000,0x00000000e7a00000,0x00000000e7f00000)
 ParOldGen       total 83456K, used 10934K [0x00000000a0000000, 0x00000000a5180000, 0x00000000e0000000)
  object space 83456K, 13% used [0x00000000a0000000,0x00000000a0aadba8,0x00000000a5180000)
 Metaspace       used 20758K, capacity 21218K, committed 21296K, reserved 1067008K
  class space    used 2998K, capacity 3193K, committed 3200K, reserved 1048576K
Event: 583.359 GC heap after
Heap after GC invocations=5 (full 0):
 PSYoungGen      total 130048K, used 5104K [0x00000000e0000000, 0x00000000f0d00000, 0x0000000100000000)
  eden space 124928K, 0% used [0x00000000e0000000,0x00000000e0000000,0x00000000e7a00000)
  from space 5120K, 99% used [0x00000000e7a00000,0x00000000e7efc050,0x00000000e7f00000)
  to   space 12800K, 0% used [0x00000000f0080000,0x00000000f0080000,0x00000000f0d00000)
 ParOldGen       total 83456K, used 11884K [0x00000000a0000000, 0x00000000a5180000, 0x00000000e0000000)
  object space 83456K, 14% used [0x00000000a0000000,0x00000000a0b9b2a8,0x00000000a5180000)
 Metaspace       used 20758K, capacity 21218K, committed 21296K, reserved 1067008K
  class space    used 2998K, capacity 3193K, committed 3200K, reserved 1048576K
}
Event: 583.359 GC heap before
{Heap before GC invocations=6 (full 1):
 PSYoungGen      total 130048K, used 5104K [0x00000000e0000000, 0x00000000f0d00000, 0x0000000100000000)
  eden space 124928K, 0% used [0x00000000e0000000,0x00000000e0000000,0x00000000e7a00000)
  from space 5120K, 99% used [0x00000000e7a00000,0x00000000e7efc050,0x00000000e7f00000)
  to   space 12800K, 0% used [0x00000000f0080000,0x00000000f0080000,0x00000000f0d00000)
 ParOldGen       total 83456K, used 11884K [0x00000000a0000000, 0x00000000a5180000, 0x00000000e0000000)
  object space 83456K, 14% used [0x00000000a0000000,0x00000000a0b9b2a8,0x00000000a5180000)
 Metaspace       used 20758K, capacity 21218K, committed 21296K, reserved 1067008K
  class space    used 2998K, capacity 3193K, committed 3200K, reserved 1048576K
Event: 583.454 GC heap after
Heap after GC invocations=6 (full 1):
 PSYoungGen      total 130048K, used 0K [0x00000000e0000000, 0x00000000f0d00000, 0x0000000100000000)
  eden space 124928K, 0% used [0x00000000e0000000,0x00000000e0000000,0x00000000e7a00000)
  from space 5120K, 0% used [0x00000000e7a00000,0x00000000e7a00000,0x00000000e7f00000)
  to   space 12800K, 0% used [0x00000000f0080000,0x00000000f0080000,0x00000000f0d00000)
 ParOldGen       total 47104K, used 7823K [0x00000000a0000000, 0x00000000a2e00000, 0x00000000e0000000)
  object space 47104K, 16% used [0x00000000a0000000,0x00000000a07a3da8,0x00000000a2e00000)
 Metaspace       used 20758K, capacity 21218K, committed 21296K, reserved 1067008K
  class space    used 2998K, capacity 3193K, committed 3200K, reserved 1048576K
}
Event: 585.687 GC heap before
{Heap before GC invocations=7 (full 1):
 PSYoungGen      total 130048K, used 124928K [0x00000000e0000000, 0x00000000f0d00000, 0x0000000100000000)
  eden space 124928K, 100% used [0x00000000e0000000,0x00000000e7a00000,0x00000000e7a00000)
  from space 5120K, 0% used [0x00000000e7a00000,0x00000000e7a00000,0x00000000e7f00000)
  to   space 12800K, 0% used [0x00000000f0080000,0x00000000f0080000,0x00000000f0d00000)
 ParOldGen       total 47104K, used 7823K [0x00000000a0000000, 0x00000000a2e00000, 0x00000000e0000000)
  object space 47104K, 16% used [0x00000000a0000000,0x00000000a07a3da8,0x00000000a2e00000)
 Metaspace       used 31721K, capacity 32284K, committed 32512K, reserved 1077248K
  class space    used 4347K, capacity 4527K, committed 4608K, reserved 1048576K
Event: 585.723 GC heap after
Heap after GC invocations=7 (full 1):
 PSYoungGen      total 260608K, used 12234K [0x00000000e0000000, 0x00000000f1100000, 0x0000000100000000)
  eden space 247808K, 0% used [0x00000000e0000000,0x00000000e0000000,0x00000000ef200000)
  from space 12800K, 95% used [0x00000000f0080000,0x00000000f0c72a60,0x00000000f0d00000)
  to   space 14848K, 0% used [0x00000000ef200000,0x00000000ef200000,0x00000000f0080000)
 ParOldGen       total 47104K, used 7831K [0x00000000a0000000, 0x00000000a2e00000, 0x00000000e0000000)
  object space 47104K, 16% used [0x00000000a0000000,0x00000000a07a5da8,0x00000000a2e00000)
 Metaspace       used 31721K, capacity 32284K, committed 32512K, reserved 1077248K
  class space    used 4347K, capacity 4527K, committed 4608K, reserved 1048576K
}
Event: 587.400 GC heap before
{Heap before GC invocations=8 (full 1):
 PSYoungGen      total 260608K, used 94905K [0x00000000e0000000, 0x00000000f1100000, 0x0000000100000000)
  eden space 247808K, 33% used [0x00000000e0000000,0x00000000e50bba00,0x00000000ef200000)
  from space 12800K, 95% used [0x00000000f0080000,0x00000000f0c72a60,0x00000000f0d00000)
  to   space 14848K, 0% used [0x00000000ef200000,0x00000000ef200000,0x00000000f0080000)
 ParOldGen       total 47104K, used 7831K [0x00000000a0000000, 0x00000000a2e00000, 0x00000000e0000000)
  object space 47104K, 16% used [0x00000000a0000000,0x00000000a07a5da8,0x00000000a2e00000)
 Metaspace       used 34569K, capacity 35428K, committed 35496K, reserved 1079296K
  class space    used 4751K, capacity 5025K, committed 5032K, reserved 1048576K

